<?xml version="1.0" encoding="UTF-8"?>
<!-- Generated by org.testng.reporters.JUnitXMLReporter -->
<testsuite ignored="0" hostname="LAPTOP-T5C0I2QV" failures="0" tests="3" name="Default test" time="0.527" errors="0" timestamp="25 Jun 2020 06:52:18 GMT">
  <testcase classname="utils.ExcellDataProvider" name="test1" time="0.01"/>
  <testcase classname="utils.ExcellDataProvider" name="test1" time="0.002"/>
  <testcase classname="utils.ExcellDataProvider" name="test1" time="0.001"/>
</testsuite> <!-- Default test -->
