<?xml version="1.0" encoding="UTF-8"?>
<testng-results ignored="0" total="3" passed="3" failed="0" skipped="0">
  <reporter-output>
  </reporter-output>
  <suite started-at="2020-06-25T06:52:17Z" name="Default suite" finished-at="2020-06-25T06:52:18Z" duration-ms="527">
    <groups>
    </groups>
    <test started-at="2020-06-25T06:52:17Z" name="Default test" finished-at="2020-06-25T06:52:18Z" duration-ms="527">
      <class name="utils.ExcellDataProvider">
        <test-method signature="test1(java.lang.String, java.lang.String)[pri:0, instance:utils.ExcellDataProvider@942a29c]" started-at="2020-06-25T06:52:18Z" name="test1" data-provider="test1data" finished-at="2020-06-25T06:52:18Z" duration-ms="10" status="PASS">
          <params>
            <param index="0">
              <value>
                <![CDATA[admin]]>
              </value>
            </param>
            <param index="1">
              <value>
                <![CDATA[admin123]]>
              </value>
            </param>
          </params>
          <reporter-output>
          </reporter-output>
        </test-method> <!-- test1 -->
        <test-method signature="test1(java.lang.String, java.lang.String)[pri:0, instance:utils.ExcellDataProvider@942a29c]" started-at="2020-06-25T06:52:18Z" name="test1" data-provider="test1data" finished-at="2020-06-25T06:52:18Z" duration-ms="2" status="PASS">
          <params>
            <param index="0">
              <value>
                <![CDATA[admin]]>
              </value>
            </param>
            <param index="1">
              <value>
                <![CDATA[admin1234]]>
              </value>
            </param>
          </params>
          <reporter-output>
          </reporter-output>
        </test-method> <!-- test1 -->
        <test-method signature="test1(java.lang.String, java.lang.String)[pri:0, instance:utils.ExcellDataProvider@942a29c]" started-at="2020-06-25T06:52:18Z" name="test1" data-provider="test1data" finished-at="2020-06-25T06:52:18Z" duration-ms="1" status="PASS">
          <params>
            <param index="0">
              <value>
                <![CDATA[gul]]>
              </value>
            </param>
            <param index="1">
              <value>
                <![CDATA[gul123]]>
              </value>
            </param>
          </params>
          <reporter-output>
          </reporter-output>
        </test-method> <!-- test1 -->
      </class> <!-- utils.ExcellDataProvider -->
    </test> <!-- Default test -->
  </suite> <!-- Default suite -->
</testng-results>
